<?xml version="1.0" encoding="UTF-8"?>
<!-- Generated by org.testng.reporters.JUnitReportReporter -->
<testsuite skipped="0" hostname="LAPTOP-7NF8B4OI" name="com.facebook.Login.Driver" tests="1" failures="0" timestamp="16 May 2019 05:41:41 GMT" time="5.003" errors="0">
  <testcase name="Launch" time="5.003" classname="com.facebook.Login.Driver"/>
</testsuite> <!-- com.facebook.Login.Driver -->
