<?xml version="1.0" encoding="UTF-8"?>
<!-- Generated by org.testng.reporters.JUnitReportReporter -->
<testsuite skipped="0" hostname="LAPTOP-7NF8B4OI" name="com.fbk.TestCases.TestCase" tests="1" failures="0" timestamp="22 May 2019 05:36:27 GMT" time="0.022" errors="0">
  <testcase name="add" time="0.022" classname="com.fbk.TestCases.TestCase"/>
</testsuite> <!-- com.fbk.TestCases.TestCase -->
