<?xml version="1.0" encoding="UTF-8"?>
<!-- Generated by org.testng.reporters.JUnitReportReporter -->
<testsuite skipped="0" hostname="LAPTOP-7NF8B4OI" name="com.facebook.Login.Driver" tests="1" failures="0" timestamp="22 May 2019 05:36:27 GMT" time="3.993" errors="0">
  <testcase name="Launch" time="3.993" classname="com.facebook.Login.Driver"/>
</testsuite> <!-- com.facebook.Login.Driver -->
